<?xml version="1.0" encoding="UTF-8"?>
<!-- Generated by org.testng.reporters.JUnitXMLReporter -->
<testsuite hostname="DLDA1809" ignored="0" name="Default test" tests="4" failures="0" timestamp="13 Feb 2018 11:21:09 GMT" time="6.959" errors="0">
  <testcase name="urlInitiation" time="4.824" classname="com.qa.project.TAFW.main.Main"/>
  <testcase name="courseSelect" time="0.154" classname="com.qa.project.TAFW.main.Main"/>
  <testcase name="hover" time="0.208" classname="com.qa.project.TAFW.main.Main"/>
  <testcase name="querypass" time="1.749" classname="com.qa.project.TAFW.main.Main"/>
</testsuite> <!-- Default test -->
