<?xml version="1.0" encoding="UTF-8"?>
<!-- Generated by org.testng.reporters.JUnitXMLReporter -->
<testsuite hostname="DLDA1809" ignored="0" name="Test" tests="4" failures="0" timestamp="13 Feb 2018 11:07:19 GMT" time="9.504" errors="0">
  <testcase name="urlInitiation" time="6.272" classname="com.qa.project.TAFW.main.Main"/>
  <testcase name="courseSelect" time="0.185" classname="com.qa.project.TAFW.main.Main"/>
  <testcase name="hover" time="1.052" classname="com.qa.project.TAFW.main.Main"/>
  <testcase name="querypass" time="1.973" classname="com.qa.project.TAFW.main.Main"/>
</testsuite> <!-- Test -->
