<?xml version="1.0" encoding="UTF-8"?>
<testng-results skipped="0" failed="0" ignored="0" total="4" passed="4">
  <reporter-output>
  </reporter-output>
  <suite name="Default suite" duration-ms="6959" started-at="2018-02-13T11:21:02Z" finished-at="2018-02-13T11:21:09Z">
    <groups>
    </groups>
    <test name="Default test" duration-ms="6959" started-at="2018-02-13T11:21:02Z" finished-at="2018-02-13T11:21:09Z">
      <class name="com.qa.project.TAFW.main.Main">
        <test-method status="PASS" signature="urlInitiation()[pri:1, instance:com.qa.project.TAFW.main.Main@15d0c81b]" name="urlInitiation" duration-ms="4824" started-at="2018-02-13T16:51:02Z" finished-at="2018-02-13T16:51:07Z">
          <reporter-output>
          </reporter-output>
        </test-method> <!-- urlInitiation -->
        <test-method status="PASS" signature="courseSelect()[pri:2, instance:com.qa.project.TAFW.main.Main@15d0c81b]" name="courseSelect" duration-ms="154" started-at="2018-02-13T16:51:07Z" finished-at="2018-02-13T16:51:07Z">
          <reporter-output>
          </reporter-output>
        </test-method> <!-- courseSelect -->
        <test-method status="PASS" signature="hover()[pri:3, instance:com.qa.project.TAFW.main.Main@15d0c81b]" name="hover" duration-ms="208" started-at="2018-02-13T16:51:07Z" finished-at="2018-02-13T16:51:07Z">
          <reporter-output>
          </reporter-output>
        </test-method> <!-- hover -->
        <test-method status="PASS" signature="querypass()[pri:4, instance:com.qa.project.TAFW.main.Main@15d0c81b]" name="querypass" duration-ms="1749" started-at="2018-02-13T16:51:07Z" finished-at="2018-02-13T16:51:09Z">
          <reporter-output>
          </reporter-output>
        </test-method> <!-- querypass -->
      </class> <!-- com.qa.project.TAFW.main.Main -->
    </test> <!-- Default test -->
  </suite> <!-- Default suite -->
</testng-results>
