<?xml version="1.0" encoding="UTF-8"?>
<testng-results skipped="0" failed="0" ignored="0" total="4" passed="4">
  <reporter-output>
  </reporter-output>
  <suite name="Suite" duration-ms="9504" started-at="2018-02-13T11:07:09Z" finished-at="2018-02-13T11:07:19Z">
    <groups>
    </groups>
    <test name="Test" duration-ms="9504" started-at="2018-02-13T11:07:09Z" finished-at="2018-02-13T11:07:19Z">
      <class name="com.qa.project.TAFW.main.Main">
        <test-method status="PASS" signature="urlInitiation()[pri:1, instance:com.qa.project.TAFW.main.Main@15d0c81b]" name="urlInitiation" duration-ms="6272" started-at="2018-02-13T16:37:09Z" finished-at="2018-02-13T16:37:15Z">
          <reporter-output>
          </reporter-output>
        </test-method> <!-- urlInitiation -->
        <test-method status="PASS" signature="courseSelect()[pri:2, instance:com.qa.project.TAFW.main.Main@15d0c81b]" name="courseSelect" duration-ms="185" started-at="2018-02-13T16:37:15Z" finished-at="2018-02-13T16:37:16Z">
          <reporter-output>
          </reporter-output>
        </test-method> <!-- courseSelect -->
        <test-method status="PASS" signature="hover()[pri:3, instance:com.qa.project.TAFW.main.Main@15d0c81b]" name="hover" duration-ms="1052" started-at="2018-02-13T16:37:16Z" finished-at="2018-02-13T16:37:17Z">
          <reporter-output>
          </reporter-output>
        </test-method> <!-- hover -->
        <test-method status="PASS" signature="querypass()[pri:4, instance:com.qa.project.TAFW.main.Main@15d0c81b]" name="querypass" duration-ms="1973" started-at="2018-02-13T16:37:17Z" finished-at="2018-02-13T16:37:19Z">
          <reporter-output>
          </reporter-output>
        </test-method> <!-- querypass -->
      </class> <!-- com.qa.project.TAFW.main.Main -->
    </test> <!-- Test -->
  </suite> <!-- Suite -->
</testng-results>
